<?xml version="1.0" encoding="UTF-8"?>
<testsuite xmlns:xsi="http://www.w3.org/2001/XMLSchema-instance" xsi:noNamespaceSchemaLocation="https://maven.apache.org/surefire/maven-surefire-plugin/xsd/surefire-test-report-3.0.xsd" version="3.0" name="com.demo.demo.DemoApplicationTests" time="3.839" tests="2" errors="0" skipped="0" failures="0">
  <properties>
[...]
</properties>
  <testcase name="contextLoads" classname="com.demo.demo.DemoApplicationTests" time="1.84">
    <system-out><![CDATA[17:26:19.549 [main] INFO org.springframework.test.context.support.AnnotationConfigContextLoaderUtils -- Could not detect default configuration classes for test class [com.demo.demo.DemoApplicationTests]: DemoApplicationTests does not declare any static, non-private, non-final, nested classes annotated with @Configuration.
17:26:19.667 [main] INFO org.springframework.boot.test.context.SpringBootTestContextBootstrapper -- Found @SpringBootConfiguration com.demo.demo.DemoApplication for test class com.demo.demo.DemoApplicationTests
17:26:19.844 [main] INFO org.springframework.boot.devtools.restart.RestartApplicationListener -- Restart disabled due to context in which it is running

  .   ____          _            __ _ _
 /\\ / ___'_ __ _ _(_)_ __  __ _ \ \ \ \
( ( )\___ | '_ | '_| | '_ \/ _` | \ \ \ \
 \\/  ___)| |_)| | | | | || (_| |  ) ) ) )
  '  |____| .__|_| |_|_| |_\__, | / / / /
 =========|_|==============|___/=/_/_/_/

 :: Spring Boot ::                (v3.3.4)

2024-11-29T17:26:20.146+05:30  INFO 2476 --- [demo] [           main] com.demo.demo.DemoApplicationTests       : Starting DemoApplicationTests using Java 17.0.10 with PID 2476 (started by U97 in D:\work_dsi\Projects\Learning\spring\demo)
2024-11-29T17:26:20.149+05:30  INFO 2476 --- [demo] [           main] com.demo.demo.DemoApplicationTests       : No active profile set, falling back to 1 default profile: "default"
2024-11-29T17:26:21.347+05:30  INFO 2476 --- [demo] [           main] com.demo.demo.DemoApplicationTests       : Started DemoApplicationTests in 1.515 seconds (process running for 2.474)
]]></system-out>
  </testcase>
  <testcase name="testPrintMessage" classname="com.demo.demo.DemoApplicationTests" time="0.008">
    <system-out><![CDATA[Inside testPrintMessage()
]]></system-out>
  </testcase>
</testsuite>